Build started 10/28/2010 5:40:02 PM.
     1>Project "C:\Users\Kyle\Programs\libraries\libpng-1.5.0beta47\projects\vstudio\pngtest\pngtest.vcxproj" on node 2 (build target(s)).
     1>InitializeBuildStatus:
         Creating "Debug\pngtest.unsuccessfulbuild" because "AlwaysCreate" was specified.
       ClCompile:
         All outputs are up-to-date.
       Link:
         C:\Program Files (x86)\Microsoft Visual Studio 10.0\VC\bin\link.exe /ERRORREPORT:PROMPT /OUT:"C:\Users\Kyle\Programs\libraries\libpng-1.5.0beta47\projects\vstudio\Debug\pngtest.exe" /INCREMENTAL:NO /NOLOGO /LIBPATH:"C:\Users\Kyle\Programs\libraries\libpng-1.5.0beta47\projects\vstudio\Debug\\" libpng15.lib /MANIFEST /ManifestFile:"Debug\pngtest.exe.intermediate.manifest" /MANIFESTUAC:"level='asInvoker' uiAccess='false'" /DEBUG /PDB:"C:\Users\Kyle\Programs\libraries\libpng-1.5.0beta47\projects\vstudio\Debug\pngtest.pdb" /SUBSYSTEM:CONSOLE /TLBID:1 /DYNAMICBASE /NXCOMPAT /IMPLIB:"C:\Users\Kyle\Programs\libraries\libpng-1.5.0beta47\projects\vstudio\Debug\pngtest.lib" /MACHINE:X86 Debug\pngtest.obj
         pngtest.vcxproj -> C:\Users\Kyle\Programs\libraries\libpng-1.5.0beta47\projects\vstudio\Debug\pngtest.exe
       Manifest:
         C:\Program Files (x86)\Microsoft SDKs\Windows\v7.0A\bin\mt.exe /nologo /verbose /outputresource:"C:\Users\Kyle\Programs\libraries\libpng-1.5.0beta47\projects\vstudio\Debug\pngtest.exe;#1" /manifest Debug\pngtest.exe.intermediate.manifest
       BscMake:
         All outputs are up-to-date.
       CustomBuildStep:
         Description: Executing PNG test program
         "C:\Users\Kyle\Programs\libraries\libpng-1.5.0beta47\projects\vstudio\Debug\pngtest.exe" ..\..\..\pngtest.png "Debug\pngout.png"
         :VCEnd
     1>C:\Program Files (x86)\MSBuild\Microsoft.Cpp\v4.0\Microsoft.CppCommon.targets(183,5): error MSB3073: The command ""C:\Users\Kyle\Programs\libraries\libpng-1.5.0beta47\projects\vstudio\Debug\pngtest.exe" ..\..\..\pngtest.png "Debug\pngout.png"
C:\Program Files (x86)\MSBuild\Microsoft.Cpp\v4.0\Microsoft.CppCommon.targets(183,5): error MSB3073: :VCEnd" exited with code -1073741819.
     1>Done Building Project "C:\Users\Kyle\Programs\libraries\libpng-1.5.0beta47\projects\vstudio\pngtest\pngtest.vcxproj" (build target(s)) -- FAILED.

Build FAILED.

Time Elapsed 00:00:18.10
