Build started 10/30/2011 3:39:26 PM.
     1>Project "C:\Users\Kyle\Programs\VisualStudioProjects\TerrainGenerator\ImprovedPerlinNoise\ImprovedPerlinNoise.vcxproj" on node 3 (build target(s)).
     1>InitializeBuildStatus:
         Touching "Debug\ImprovedPerlinNoise.unsuccessfulbuild".
       ClCompile:
         All outputs are up-to-date.
       Link:
         c:\Program Files (x86)\Microsoft Visual Studio 10.0\VC\bin\link.exe /ERRORREPORT:PROMPT /OUT:"C:\Users\Kyle\Programs\VisualStudioProjects\TerrainGenerator\Debug\ImprovedPerlinNoise.exe" /NOLOGO /LIBPATH:C:\Users\Kyle\Programs\VisualStudioProjects\TerrainGenerator\\lib\ libpng15.lib zlib.lib PNGTools.lib /MANIFEST /ManifestFile:"Debug\ImprovedPerlinNoise.exe.intermediate.manifest" /MANIFESTUAC:"level='asInvoker' uiAccess='false'" /DEBUG /PDB:"C:\Users\Kyle\Programs\VisualStudioProjects\TerrainGenerator\Debug\ImprovedPerlinNoise.pdb" /TLBID:1 /DYNAMICBASE /NXCOMPAT /IMPLIB:"C:\Users\Kyle\Programs\VisualStudioProjects\TerrainGenerator\Debug\ImprovedPerlinNoise.lib" /MACHINE:X86 Debug\ImprovedPerlinNoise.obj
         PNGTools.lib(PNGTools.obj) : MSIL .netmodule or module compiled with /GL found; restarting link with /LTCG; add /LTCG to the link command line to improve linker performance
     1>PNGTools.lib(PNGTools.obj) : error LNK2038: mismatch detected for '_ITERATOR_DEBUG_LEVEL': value '0' doesn't match value '2' in ImprovedPerlinNoise.obj
            Creating library C:\Users\Kyle\Programs\VisualStudioProjects\TerrainGenerator\Debug\ImprovedPerlinNoise.lib and object C:\Users\Kyle\Programs\VisualStudioProjects\TerrainGenerator\Debug\ImprovedPerlinNoise.exp
     1>LINK : warning LNK4098: defaultlib 'LIBCMT' conflicts with use of other libs; use /NODEFAULTLIB:library
     1>C:\Users\Kyle\Programs\VisualStudioProjects\TerrainGenerator\Debug\ImprovedPerlinNoise.exe : fatal error LNK1319: 1 mismatches detected
     1>Done Building Project "C:\Users\Kyle\Programs\VisualStudioProjects\TerrainGenerator\ImprovedPerlinNoise\ImprovedPerlinNoise.vcxproj" (build target(s)) -- FAILED.

Build FAILED.

Time Elapsed 00:00:00.18
